<?xml version="1.0" encoding="UTF-8"?>
<testng-results ignored="0" total="1" passed="1" failed="0" skipped="0">
  <reporter-output>
  </reporter-output>
  <suite started-at="2024-09-26T15:36:16 IST" name="Suite" finished-at="2024-09-26T15:38:30 IST" duration-ms="133906">
    <groups>
      <group name="regression">
        <method signature="Registeruser.verifyuserregistration()[pri:0, instance:testCases.Registeruser@235f4c10]" name="verifyuserregistration" class="testCases.Registeruser"/>
      </group> <!-- regression -->
      <group name="master">
        <method signature="Registeruser.verifyuserregistration()[pri:0, instance:testCases.Registeruser@235f4c10]" name="verifyuserregistration" class="testCases.Registeruser"/>
      </group> <!-- master -->
    </groups>
    <test started-at="2024-09-26T15:36:16 IST" name="ChromeTest" finished-at="2024-09-26T15:38:30 IST" duration-ms="133906">
      <class name="testCases.Registeruser">
        <test-method is-config="true" signature="setup(java.lang.String,java.lang.String)[pri:0, instance:testCases.Registeruser@235f4c10]" started-at="2024-09-26T15:36:16 IST" name="setup" finished-at="2024-09-26T15:38:23 IST" duration-ms="126359" status="PASS">
          <params>
            <param index="0">
              <value>
                <![CDATA[Window]]>
              </value>
            </param>
            <param index="1">
              <value>
                <![CDATA[chrome]]>
              </value>
            </param>
          </params>
          <reporter-output>
          </reporter-output>
        </test-method> <!-- setup -->
        <test-method signature="verifyuserregistration()[pri:0, instance:testCases.Registeruser@235f4c10]" started-at="2024-09-26T15:38:23 IST" name="verifyuserregistration" finished-at="2024-09-26T15:38:30 IST" duration-ms="7009" status="PASS">
          <reporter-output>
          </reporter-output>
        </test-method> <!-- verifyuserregistration -->
        <test-method is-config="true" signature="teardown()[pri:0, instance:testCases.Registeruser@235f4c10]" started-at="2024-09-26T15:38:30 IST" name="teardown" finished-at="2024-09-26T15:38:30 IST" duration-ms="247" status="PASS">
          <reporter-output>
          </reporter-output>
        </test-method> <!-- teardown -->
      </class> <!-- testCases.Registeruser -->
    </test> <!-- ChromeTest -->
  </suite> <!-- Suite -->
</testng-results>
