<?xml version="1.0" encoding="UTF-8"?>
<testng-results ignored="0" total="1" passed="1" failed="0" skipped="0">
  <reporter-output>
  </reporter-output>
  <suite started-at="2024-09-26T15:13:41 IST" name="Failed suite [Suite]" finished-at="2024-09-26T15:16:37 IST" duration-ms="175499">
    <groups>
      <group name="regression">
        <method signature="Registeruser.verifyuserregistration()[pri:0, instance:testCases.Registeruser@6a1d204a]" name="verifyuserregistration" class="testCases.Registeruser"/>
      </group> <!-- regression -->
      <group name="master">
        <method signature="Registeruser.verifyuserregistration()[pri:0, instance:testCases.Registeruser@6a1d204a]" name="verifyuserregistration" class="testCases.Registeruser"/>
      </group> <!-- master -->
    </groups>
    <test started-at="2024-09-26T15:13:41 IST" name="ChromeTest(failed)" finished-at="2024-09-26T15:16:37 IST" duration-ms="175499">
      <class name="testCases.Registeruser">
        <test-method is-config="true" signature="setup(java.lang.String,java.lang.String)[pri:0, instance:testCases.Registeruser@6a1d204a]" started-at="2024-09-26T15:13:42 IST" name="setup" finished-at="2024-09-26T15:16:31 IST" duration-ms="169813" status="PASS">
          <params>
            <param index="0">
              <value>
                <![CDATA[Window]]>
              </value>
            </param>
            <param index="1">
              <value>
                <![CDATA[chrome]]>
              </value>
            </param>
          </params>
          <reporter-output>
          </reporter-output>
        </test-method> <!-- setup -->
        <test-method signature="verifyuserregistration()[pri:0, instance:testCases.Registeruser@6a1d204a]" started-at="2024-09-26T15:16:31 IST" name="verifyuserregistration" finished-at="2024-09-26T15:16:36 IST" duration-ms="5096" status="PASS">
          <reporter-output>
          </reporter-output>
        </test-method> <!-- verifyuserregistration -->
        <test-method is-config="true" signature="teardown()[pri:0, instance:testCases.Registeruser@6a1d204a]" started-at="2024-09-26T15:16:36 IST" name="teardown" finished-at="2024-09-26T15:16:37 IST" duration-ms="342" status="PASS">
          <reporter-output>
          </reporter-output>
        </test-method> <!-- teardown -->
      </class> <!-- testCases.Registeruser -->
    </test> <!-- ChromeTest(failed) -->
  </suite> <!-- Failed suite [Suite] -->
</testng-results>
